0 info it worked if it ends with ok
1 verbose cli [ 'node',
1 verbose cli   '/usr/local/bin/npm',
1 verbose cli   'uninstall',
1 verbose cli   'grunt-contrib-concat' ]
2 info using npm@1.4.28
3 info using node@v0.10.33
4 verbose node_modules/grunt-contrib-concat unbuild
5 error Error: EACCES, unlink '/Users/Lif/Web/Codeucation/node_modules/grunt-contrib-concat/node_modules/chalk/node_modules/matcha/node_modules/v8-argv/node_modules/nixt/node_modules/clone/node_modules/underscore/node_modules/karma-qunit'
5 error  { [Error: EACCES, unlink '/Users/Lif/Web/Codeucation/node_modules/grunt-contrib-concat/node_modules/chalk/node_modules/matcha/node_modules/v8-argv/node_modules/nixt/node_modules/clone/node_modules/underscore/node_modules/karma-qunit']
5 error   errno: 3,
5 error   code: 'EACCES',
5 error   path: '/Users/Lif/Web/Codeucation/node_modules/grunt-contrib-concat/node_modules/chalk/node_modules/matcha/node_modules/v8-argv/node_modules/nixt/node_modules/clone/node_modules/underscore/node_modules/karma-qunit' }
6 error Please try running this command again as root/Administrator.
7 error System Darwin 14.0.0
8 error command "node" "/usr/local/bin/npm" "uninstall" "grunt-contrib-concat"
9 error cwd /Users/Lif/Web/Codeucation
10 error node -v v0.10.33
11 error npm -v 1.4.28
12 error path /Users/Lif/Web/Codeucation/node_modules/grunt-contrib-concat/node_modules/chalk/node_modules/matcha/node_modules/v8-argv/node_modules/nixt/node_modules/clone/node_modules/underscore/node_modules/karma-qunit
13 error code EACCES
14 error errno 3
15 error stack Error: EACCES, unlink '/Users/Lif/Web/Codeucation/node_modules/grunt-contrib-concat/node_modules/chalk/node_modules/matcha/node_modules/v8-argv/node_modules/nixt/node_modules/clone/node_modules/underscore/node_modules/karma-qunit'
16 verbose exit [ 3, true ]
